<?xml version="1.0" encoding="UTF-8"?>
<!-- Generated by org.testng.reporters.JUnitReportReporter -->
<testsuite hostname="DESKTOP-EDS3LVE" failures="0" tests="5" name="TestRunner.testRunner$Runner" time="23.612" errors="0" timestamp="2023-09-12T14:21:12 IST" skipped="0">
  <testcase classname="TestRunner.testRunner$Runner" name="runScenario" time="3.330"/>
  <system-out/>
  <testcase classname="TestRunner.testRunner$Runner" name="runScenario" time="2.122"/>
  <system-out/>
  <testcase classname="TestRunner.testRunner$Runner" name="runScenario" time="2.412"/>
  <system-out/>
  <testcase classname="TestRunner.testRunner$Runner" name="runScenario" time="3.865"/>
  <system-out/>
  <testcase classname="TestRunner.testRunner$Runner" name="runScenario" time="11.883"/>
  <system-out/>
</testsuite> <!-- TestRunner.testRunner$Runner -->
